<?xml version="1.0" encoding="UTF-8"?>
<testsuite xmlns:xsi="http://www.w3.org/2001/XMLSchema-instance" xsi:noNamespaceSchemaLocation="https://maven.apache.org/surefire/maven-surefire-plugin/xsd/surefire-test-report-3.0.xsd" version="3.0" name="com.example.daily.coding.problems.p001.SolutionTest" time="0.03" tests="4" errors="0" skipped="0" failures="0">
  <properties>
[...]
</properties>
  <testcase name="testEmptyInput" classname="com.example.daily.coding.problems.p001.SolutionTest" time="0.015"/>
  <testcase name="testExampleInput" classname="com.example.daily.coding.problems.p001.SolutionTest" time="0.004"/>
  <testcase name="testAllTestsPassed" classname="com.example.daily.coding.problems.p001.SolutionTest" time="0.001"/>
  <testcase name="testNoSolution" classname="com.example.daily.coding.problems.p001.SolutionTest" time="0.001"/>
</testsuite>